<?xml version="1.0" encoding="utf-8"?><testsuites name="pytest tests"><testsuite name="pytest" errors="0" failures="0" skipped="0" tests="21" time="1.989" timestamp="2026-05-11T22:33:45.834109+00:00" hostname="agent-env-8b27ef70-32f0-4c62-8fcb-13a5137acc24"><testcase classname="backend.tests.test_ezhome_api" name="test_root" time="0.325" /><testcase classname="backend.tests.test_ezhome_api" name="test_list_products" time="0.052" /><testcase classname="backend.tests.test_ezhome_api" name="test_filter_category" time="0.046" /><testcase classname="backend.tests.test_ezhome_api" name="test_filter_source" time="0.046" /><testcase classname="backend.tests.test_ezhome_api" name="test_filter_trending" time="0.048" /><testcase classname="backend.tests.test_ezhome_api" name="test_filter_best_seller" time="0.047" /><testcase classname="backend.tests.test_ezhome_api" name="test_filter_daily_deal" time="0.044" /><testcase classname="backend.tests.test_ezhome_api" name="test_search" time="0.047" /><testcase classname="backend.tests.test_ezhome_api" name="test_get_single_product" time="0.096" /><testcase classname="backend.tests.test_ezhome_api" name="test_get_product_404" time="0.046" /><testcase classname="backend.tests.test_ezhome_api" name="test_categories" time="0.048" /><testcase classname="backend.tests.test_ezhome_api" name="test_click_redirect_and_increment" time="0.155" /><testcase classname="backend.tests.test_ezhome_api" name="test_click_404" time="0.046" /><testcase classname="backend.tests.test_ezhome_api" name="test_newsletter_subscribe_and_dedup" time="0.112" /><testcase classname="backend.tests.test_ezhome_api" name="test_newsletter_invalid_email" time="0.045" /><testcase classname="backend.tests.test_ezhome_api" name="test_contact" time="0.056" /><testcase classname="backend.tests.test_ezhome_api" name="test_admin_login_wrong" time="0.047" /><testcase classname="backend.tests.test_ezhome_api" name="test_admin_login_correct" time="0.045" /><testcase classname="backend.tests.test_ezhome_api" name="test_admin_stats_unauth" time="0.048" /><testcase classname="backend.tests.test_ezhome_api" name="test_admin_stats_auth" time="0.047" /><testcase classname="backend.tests.test_ezhome_api" name="test_admin_product_crud" time="0.346" /></testsuite></testsuites>