<?xml version="1.0" encoding="utf-8"?><testsuites name="pytest tests"><testsuite name="pytest" errors="0" failures="0" skipped="0" tests="25" time="3.365" timestamp="2026-05-11T23:29:00.332250+00:00" hostname="agent-env-8b27ef70-32f0-4c62-8fcb-13a5137acc24"><testcase classname="backend.tests.test_ezhome_api" name="test_root" time="0.112" /><testcase classname="backend.tests.test_ezhome_api" name="test_list_products" time="0.054" /><testcase classname="backend.tests.test_ezhome_api" name="test_filter_category" time="0.050" /><testcase classname="backend.tests.test_ezhome_api" name="test_search" time="0.048" /><testcase classname="backend.tests.test_ezhome_api" name="test_get_single_and_404" time="0.154" /><testcase classname="backend.tests.test_ezhome_api" name="test_categories" time="0.060" /><testcase classname="backend.tests.test_ezhome_api" name="test_click_redirect_and_increment" time="0.157" /><testcase classname="backend.tests.test_ezhome_api" name="test_click_404" time="0.053" /><testcase classname="backend.tests.test_ezhome_api" name="test_newsletter_subscribe_and_dedup" time="0.106" /><testcase classname="backend.tests.test_ezhome_api" name="test_newsletter_invalid_email" time="0.049" /><testcase classname="backend.tests.test_ezhome_api" name="test_contact" time="0.066" /><testcase classname="backend.tests.test_ezhome_api" name="test_login_wrong_password_returns_401" time="0.049" /><testcase classname="backend.tests.test_ezhome_api" name="test_login_success_returns_jwt" time="0.272" /><testcase classname="backend.tests.test_ezhome_api" name="test_auth_me_without_token_401" time="0.055" /><testcase classname="backend.tests.test_ezhome_api" name="test_auth_me_with_token_returns_admin" time="0.328" /><testcase classname="backend.tests.test_ezhome_api" name="test_auth_me_with_invalid_token_401" time="0.051" /><testcase classname="backend.tests.test_ezhome_api" name="test_admin_stats_unauth_then_auth" time="0.107" /><testcase classname="backend.tests.test_ezhome_api" name="test_product_crud_protected" time="0.384" /><testcase classname="backend.tests.test_ezhome_api" name="test_banners_public_list" time="0.047" /><testcase classname="backend.tests.test_ezhome_api" name="test_banner_crud_protected" time="0.310" /><testcase classname="backend.tests.test_ezhome_api" name="test_settings_get_public" time="0.047" /><testcase classname="backend.tests.test_ezhome_api" name="test_settings_patch_unauth_401" time="0.045" /><testcase classname="backend.tests.test_ezhome_api" name="test_settings_patch_and_persist" time="0.187" /><testcase classname="backend.tests.test_ezhome_api" name="test_admin_password_hash_is_bcrypt" time="0.081" /><testcase classname="backend.tests.test_ezhome_api" name="test_brute_force_returns_429" time="0.427" /></testsuite></testsuites>